  [1m[35m (1052.3ms)[0m  [1m[35mCREATE DATABASE "mod-4-proj-music-app_development" ENCODING = 'unicode'[0m
  ↳ /Users/raquelrandall/.rvm/gems/ruby-2.3.4/bin/rake:23
  [1m[35m (973.9ms)[0m  [1m[35mCREATE DATABASE "mod-4-proj-music-app_test" ENCODING = 'unicode'[0m
  ↳ /Users/raquelrandall/.rvm/gems/ruby-2.3.4/bin/rake:23
  [1m[35m (66.9ms)[0m  [1m[35mCREATE TABLE "schema_migrations" ("version" character varying NOT NULL PRIMARY KEY)[0m
  ↳ bin/rails:9
  [1m[35m (25.2ms)[0m  [1m[35mCREATE TABLE "ar_internal_metadata" ("key" character varying NOT NULL PRIMARY KEY, "value" character varying, "created_at" timestamp NOT NULL, "updated_at" timestamp NOT NULL)[0m
  ↳ bin/rails:9
  [1m[35m (2.0ms)[0m  [1m[34mSELECT pg_try_advisory_lock(3813983994894142860)[0m
  ↳ bin/rails:9
  [1m[35m (1.9ms)[0m  [1m[34mSELECT "schema_migrations"."version" FROM "schema_migrations" ORDER BY "schema_migrations"."version" ASC[0m
  ↳ bin/rails:9
Migrating to CreateUsers (20190118145454)
  [1m[35m (7.9ms)[0m  [1m[35mBEGIN[0m
  ↳ bin/rails:9
  [1m[35m (28.8ms)[0m  [1m[35mCREATE TABLE "users" ("id" bigserial primary key, "name" character varying, "username" character varying, "password" character varying, "created_at" timestamp NOT NULL, "updated_at" timestamp NOT NULL)[0m
  ↳ db/migrate/20190118145454_create_users.rb:3
  [1m[36mActiveRecord::SchemaMigration Create (5.7ms)[0m  [1m[32mINSERT INTO "schema_migrations" ("version") VALUES ($1) RETURNING "version"[0m  [["version", "20190118145454"]]
  ↳ bin/rails:9
  [1m[35m (0.9ms)[0m  [1m[35mCOMMIT[0m
  ↳ bin/rails:9
Migrating to CreateTracks (20190118145640)
  [1m[35m (5.8ms)[0m  [1m[35mBEGIN[0m
  ↳ bin/rails:9
  [1m[35m (18.3ms)[0m  [1m[35mCREATE TABLE "tracks" ("id" bigserial primary key, "name" character varying, "artists" character varying, "image" character varying, "duration" float, "popularity" integer, "preview" character varying, "created_at" timestamp NOT NULL, "updated_at" timestamp NOT NULL)[0m
  ↳ db/migrate/20190118145640_create_tracks.rb:3
  [1m[36mActiveRecord::SchemaMigration Create (1.0ms)[0m  [1m[32mINSERT INTO "schema_migrations" ("version") VALUES ($1) RETURNING "version"[0m  [["version", "20190118145640"]]
  ↳ bin/rails:9
  [1m[35m (0.5ms)[0m  [1m[35mCOMMIT[0m
  ↳ bin/rails:9
Migrating to CreatePlaylists (20190118145823)
  [1m[35m (5.7ms)[0m  [1m[35mBEGIN[0m
  ↳ bin/rails:9
  [1m[35m (36.7ms)[0m  [1m[35mCREATE TABLE "playlists" ("id" bigserial primary key, "name" character varying, "user_id" bigint, "track_id" bigint, "created_at" timestamp NOT NULL, "updated_at" timestamp NOT NULL, CONSTRAINT "fk_rails_d67ef1eb45"
FOREIGN KEY ("user_id")
  REFERENCES "users" ("id")
, CONSTRAINT "fk_rails_f42c5216a7"
FOREIGN KEY ("track_id")
  REFERENCES "tracks" ("id")
)[0m
  ↳ db/migrate/20190118145823_create_playlists.rb:3
  [1m[35m (2.6ms)[0m  [1m[35mCREATE  INDEX  "index_playlists_on_user_id" ON "playlists"  ("user_id")[0m
  ↳ db/migrate/20190118145823_create_playlists.rb:3
  [1m[35m (1.9ms)[0m  [1m[35mCREATE  INDEX  "index_playlists_on_track_id" ON "playlists"  ("track_id")[0m
  ↳ db/migrate/20190118145823_create_playlists.rb:3
  [1m[36mActiveRecord::SchemaMigration Create (0.7ms)[0m  [1m[32mINSERT INTO "schema_migrations" ("version") VALUES ($1) RETURNING "version"[0m  [["version", "20190118145823"]]
  ↳ bin/rails:9
  [1m[35m (0.7ms)[0m  [1m[35mCOMMIT[0m
  ↳ bin/rails:9
  [1m[36mActiveRecord::InternalMetadata Load (1.0ms)[0m  [1m[34mSELECT  "ar_internal_metadata".* FROM "ar_internal_metadata" WHERE "ar_internal_metadata"."key" = $1 LIMIT $2[0m  [["key", "environment"], ["LIMIT", 1]]
  ↳ bin/rails:9
  [1m[35m (0.2ms)[0m  [1m[35mBEGIN[0m
  ↳ bin/rails:9
  [1m[36mActiveRecord::InternalMetadata Create (2.3ms)[0m  [1m[32mINSERT INTO "ar_internal_metadata" ("key", "value", "created_at", "updated_at") VALUES ($1, $2, $3, $4) RETURNING "key"[0m  [["key", "environment"], ["value", "development"], ["created_at", "2019-01-18 19:21:34.092130"], ["updated_at", "2019-01-18 19:21:34.092130"]]
  ↳ bin/rails:9
  [1m[35m (0.7ms)[0m  [1m[35mCOMMIT[0m
  ↳ bin/rails:9
  [1m[35m (0.9ms)[0m  [1m[34mSELECT pg_advisory_unlock(3813983994894142860)[0m
  ↳ bin/rails:9
  [1m[35m (0.8ms)[0m  [1m[34mSELECT "schema_migrations"."version" FROM "schema_migrations" ORDER BY "schema_migrations"."version" ASC[0m
  ↳ bin/rails:9
  [1m[36mTrack Load (1.0ms)[0m  [1m[34mSELECT  "tracks".* FROM "tracks" LIMIT $1[0m  [["LIMIT", 11]]
Started GET "/" for 127.0.0.1 at 2019-01-18 14:31:22 -0500
  [1m[35m (1.4ms)[0m  [1m[34mSELECT "schema_migrations"."version" FROM "schema_migrations" ORDER BY "schema_migrations"."version" ASC[0m
  ↳ /Users/raquelrandall/.rvm/gems/ruby-2.3.4/gems/activerecord-5.2.2/lib/active_record/log_subscriber.rb:98
Processing by Rails::WelcomeController#index as HTML
  Rendering /Users/raquelrandall/.rvm/gems/ruby-2.3.4/gems/railties-5.2.2/lib/rails/templates/rails/welcome/index.html.erb
  Rendered /Users/raquelrandall/.rvm/gems/ruby-2.3.4/gems/railties-5.2.2/lib/rails/templates/rails/welcome/index.html.erb (8.5ms)
Completed 200 OK in 43ms (Views: 34.0ms | ActiveRecord: 0.0ms)


Started GET "/tracks" for 127.0.0.1 at 2019-01-18 14:31:29 -0500
  
ActionController::RoutingError (No route matches [GET] "/tracks"):
  
actionpack (5.2.2) lib/action_dispatch/middleware/debug_exceptions.rb:65:in `call'
actionpack (5.2.2) lib/action_dispatch/middleware/show_exceptions.rb:33:in `call'
railties (5.2.2) lib/rails/rack/logger.rb:38:in `call_app'
railties (5.2.2) lib/rails/rack/logger.rb:26:in `block in call'
activesupport (5.2.2) lib/active_support/tagged_logging.rb:71:in `block in tagged'
activesupport (5.2.2) lib/active_support/tagged_logging.rb:28:in `tagged'
activesupport (5.2.2) lib/active_support/tagged_logging.rb:71:in `tagged'
railties (5.2.2) lib/rails/rack/logger.rb:26:in `call'
actionpack (5.2.2) lib/action_dispatch/middleware/remote_ip.rb:81:in `call'
actionpack (5.2.2) lib/action_dispatch/middleware/request_id.rb:27:in `call'
rack (2.0.6) lib/rack/runtime.rb:22:in `call'
activesupport (5.2.2) lib/active_support/cache/strategy/local_cache_middleware.rb:29:in `call'
actionpack (5.2.2) lib/action_dispatch/middleware/executor.rb:14:in `call'
actionpack (5.2.2) lib/action_dispatch/middleware/static.rb:127:in `call'
rack (2.0.6) lib/rack/sendfile.rb:111:in `call'
rack-cors (1.0.2) lib/rack/cors.rb:97:in `call'
railties (5.2.2) lib/rails/engine.rb:524:in `call'
puma (3.12.0) lib/puma/configuration.rb:225:in `call'
puma (3.12.0) lib/puma/server.rb:658:in `handle_request'
puma (3.12.0) lib/puma/server.rb:472:in `process_client'
puma (3.12.0) lib/puma/server.rb:332:in `block in run'
puma (3.12.0) lib/puma/thread_pool.rb:133:in `block in spawn_thread'
Started GET "/api/v1/tracks" for 127.0.0.1 at 2019-01-18 14:31:49 -0500
Processing by Api::V1::TracksController#index as HTML
Completed 500 Internal Server Error in 18ms (ActiveRecord: 0.0ms)


  
NoMethodError (undefined method `encoding' for nil:NilClass):
  
app/controllers/api/v1/tracks_controller.rb:3:in `index'
  [1m[35m (3.0ms)[0m  [1m[34mSELECT "schema_migrations"."version" FROM "schema_migrations" ORDER BY "schema_migrations"."version" ASC[0m
  ↳ bin/rails:9
